[2026-04-03 18:35:35,160: INFO: common: yaml file: config\config.yaml loaded successfully]
[2026-04-03 18:35:35,176: INFO: common: yaml file: params.yaml loaded successfully]
[2026-04-03 18:36:14,396: INFO: common: yaml file: config\config.yaml loaded successfully]
[2026-04-03 18:36:14,399: INFO: common: yaml file: params.yaml loaded successfully]
[2026-04-03 18:36:57,481: INFO: common: yaml file: config\config.yaml loaded successfully]
[2026-04-03 18:36:57,484: INFO: common: yaml file: params.yaml loaded successfully]
[2026-04-03 18:41:10,572: INFO: common: yaml file: config\config.yaml loaded successfully]
[2026-04-03 18:41:10,590: INFO: common: yaml file: params.yaml loaded successfully]
[2026-04-03 18:41:10,591: INFO: common: created directory at: artifacts]
[2026-04-03 18:41:10,592: INFO: common: created directory at: artifacts/data_ingestion]
[2026-04-03 18:41:10,596: INFO: 986331348: Downloading data from https://drive.google.com/file/d/18JXqBCrGluH3KhKnOcm5A1rGmTw361Vy/view?usp=sharing into file artifacts/data_ingestion/data.zip]
[2026-04-03 18:44:43,256: INFO: 986331348: Downloaded data from https://drive.google.com/file/d/18JXqBCrGluH3KhKnOcm5A1rGmTw361Vy/view?usp=sharing into file artifacts/data_ingestion/data.zip]
[2026-04-03 19:19:51,498: INFO: main: >>>>>> stage Data Ingestion stage started <<<<<<]
[2026-04-03 19:19:51,498: INFO: common: yaml file: config\config.yaml loaded successfully]
[2026-04-03 19:19:51,513: INFO: common: yaml file: params.yaml loaded successfully]
[2026-04-03 19:19:51,513: INFO: common: created directory at: artifacts]
[2026-04-03 19:19:51,513: INFO: common: created directory at: artifacts/data_ingestion]
[2026-04-03 19:19:51,513: INFO: data_ingestion: Downloading data from https://drive.google.com/file/d/18JXqBCrGluH3KhKnOcm5A1rGmTw361Vy/view?usp=sharing into file artifacts/data_ingestion/data.zip]
[2026-04-03 19:23:41,353: INFO: data_ingestion: Downloaded data from https://drive.google.com/file/d/18JXqBCrGluH3KhKnOcm5A1rGmTw361Vy/view?usp=sharing into file artifacts/data_ingestion/data.zip]
[2026-04-03 19:23:42,027: INFO: main: >>>>>> stage Data Ingestion stage completed <<<<<<

x==========x]
[2026-04-04 15:48:12,512: INFO: common: yaml file: config\config.yaml loaded successfully]
[2026-04-04 15:48:12,527: INFO: common: yaml file: params.yaml loaded successfully]
[2026-04-04 15:48:12,530: INFO: common: created directory at: artifacts]
[2026-04-04 15:53:02,218: INFO: common: yaml file: config\config.yaml loaded successfully]
[2026-04-04 15:53:02,225: INFO: common: yaml file: params.yaml loaded successfully]
[2026-04-04 15:53:02,227: INFO: common: created directory at: artifacts]
[2026-04-04 15:53:02,231: INFO: common: created directory at: artifacts/prepare_base_model]
[2026-04-04 15:53:16,491: WARNING: saving_utils: Compiled the loaded model, but the compiled metrics have yet to be built. `model.compile_metrics` will be empty until you train or evaluate the model.]
[2026-04-04 16:09:13,030: INFO: main: >>>>>> stage Data Ingestion stage started <<<<<<]
[2026-04-04 16:09:13,036: INFO: common: yaml file: config\config.yaml loaded successfully]
[2026-04-04 16:09:13,039: INFO: common: yaml file: params.yaml loaded successfully]
[2026-04-04 16:09:13,039: INFO: common: created directory at: artifacts]
[2026-04-04 16:09:13,039: INFO: common: created directory at: artifacts/data_ingestion]
[2026-04-04 16:09:13,039: INFO: data_ingestion: Downloading data from https://drive.google.com/file/d/18JXqBCrGluH3KhKnOcm5A1rGmTw361Vy/view?usp=sharing into file artifacts/data_ingestion/data.zip]
[2026-04-04 16:09:28,659: INFO: data_ingestion: Downloaded data from https://drive.google.com/file/d/18JXqBCrGluH3KhKnOcm5A1rGmTw361Vy/view?usp=sharing into file artifacts/data_ingestion/data.zip]
[2026-04-04 16:09:29,527: INFO: main: >>>>>> stage Data Ingestion stage completed <<<<<<

x==========x]
[2026-04-04 16:09:29,528: INFO: main: *******************]
[2026-04-04 16:09:29,528: INFO: main: >>>>>> stage Prepare base model started <<<<<<]
[2026-04-04 16:09:29,530: INFO: common: yaml file: config\config.yaml loaded successfully]
[2026-04-04 16:09:29,532: INFO: common: yaml file: params.yaml loaded successfully]
[2026-04-04 16:09:29,533: INFO: common: created directory at: artifacts]
[2026-04-04 16:09:29,534: INFO: common: created directory at: artifacts/prepare_base_model]
[2026-04-04 16:09:30,039: WARNING: saving_utils: Compiled the loaded model, but the compiled metrics have yet to be built. `model.compile_metrics` will be empty until you train or evaluate the model.]
[2026-04-04 16:09:30,420: INFO: main: >>>>>> stage Prepare base model completed <<<<<<

x==========x]
[2026-04-04 16:45:07,806: INFO: common: yaml file: config\config.yaml loaded successfully]
[2026-04-04 16:45:07,811: INFO: common: yaml file: params.yaml loaded successfully]
[2026-04-04 16:45:07,813: INFO: common: created directory at: artifacts]
[2026-04-04 16:45:42,794: INFO: common: yaml file: config\config.yaml loaded successfully]
[2026-04-04 16:45:42,798: INFO: common: yaml file: params.yaml loaded successfully]
[2026-04-04 16:45:42,801: INFO: common: created directory at: artifacts]
[2026-04-04 16:45:42,804: INFO: common: created directory at: artifacts\training]
[2026-04-04 17:04:05,801: INFO: main: >>>>>> stage Data Ingestion stage started <<<<<<]
[2026-04-04 17:04:05,803: INFO: common: yaml file: config\config.yaml loaded successfully]
[2026-04-04 17:04:05,808: INFO: common: yaml file: params.yaml loaded successfully]
[2026-04-04 17:04:05,808: INFO: common: created directory at: artifacts]
[2026-04-04 17:04:05,808: INFO: common: created directory at: artifacts/data_ingestion]
[2026-04-04 17:04:05,808: INFO: data_ingestion: Downloading data from https://drive.google.com/file/d/18JXqBCrGluH3KhKnOcm5A1rGmTw361Vy/view?usp=sharing into file artifacts/data_ingestion/data.zip]
[2026-04-04 17:04:18,894: INFO: data_ingestion: Downloaded data from https://drive.google.com/file/d/18JXqBCrGluH3KhKnOcm5A1rGmTw361Vy/view?usp=sharing into file artifacts/data_ingestion/data.zip]
[2026-04-04 17:04:19,700: INFO: main: >>>>>> stage Data Ingestion stage completed <<<<<<

x==========x]
[2026-04-04 17:04:19,700: INFO: main: *******************]
[2026-04-04 17:04:19,700: INFO: main: >>>>>> stage Prepare base model started <<<<<<]
[2026-04-04 17:04:19,703: INFO: common: yaml file: config\config.yaml loaded successfully]
[2026-04-04 17:04:19,705: INFO: common: yaml file: params.yaml loaded successfully]
[2026-04-04 17:04:19,706: INFO: common: created directory at: artifacts]
[2026-04-04 17:04:19,707: INFO: common: created directory at: artifacts/prepare_base_model]
[2026-04-04 17:04:20,394: WARNING: saving_utils: Compiled the loaded model, but the compiled metrics have yet to be built. `model.compile_metrics` will be empty until you train or evaluate the model.]
[2026-04-04 17:04:20,725: INFO: main: >>>>>> stage Prepare base model completed <<<<<<

x==========x]
[2026-04-04 17:04:20,725: INFO: main: *******************]
[2026-04-04 17:04:20,726: INFO: main: >>>>>> stage Training started <<<<<<]
[2026-04-04 17:04:20,730: INFO: common: yaml file: config\config.yaml loaded successfully]
[2026-04-04 17:04:20,732: INFO: common: yaml file: params.yaml loaded successfully]
[2026-04-04 17:04:20,732: INFO: common: created directory at: artifacts]
[2026-04-04 17:04:20,734: INFO: common: created directory at: artifacts\training]
[2026-04-04 17:05:42,483: INFO: main: >>>>>> stage Training completed <<<<<<

x==========x]
